<?xml version="1.0" encoding="UTF-8"?>
<!-- Generated by org.testng.reporters.JUnitReportReporter -->
<testsuite hostname="MUM01TL00227" failures="0" tests="1" name="GetRequest_Demo1" time="2.287" errors="0" timestamp="2021-02-11T06:15:13 IST" skipped="0">
  <testcase classname="GetRequest_Demo1" name="getWeatherDetails" time="2.287"/>
  <system-out/>
</testsuite> <!-- GetRequest_Demo1 -->
