<?xml version="1.0" encoding="UTF-8"?>
<!-- Generated by org.testng.reporters.JUnitReportReporter -->
<testsuite hostname="MUM01TL00227" failures="0" tests="1" name="GetRequest_Demo2" time="4.330" errors="0" timestamp="2021-02-10T23:18:53 IST" skipped="0">
  <testcase classname="GetRequest_Demo2" name="googleMapTest" time="4.330"/>
  <system-out/>
</testsuite> <!-- GetRequest_Demo2 -->
