<?xml version="1.0" encoding="UTF-8"?>
<!-- Generated by org.testng.reporters.JUnitReportReporter -->
<testsuite hostname="MUM01TL00227" failures="0" tests="1" name="GetRequest_Demo3" time="2.674" errors="0" timestamp="2021-02-11T06:21:25 IST" skipped="0">
  <testcase classname="GetRequest_Demo3" name="getWeatherDetails" time="2.674"/>
  <system-out/>
</testsuite> <!-- GetRequest_Demo3 -->
