<?xml version="1.0" encoding="UTF-8"?>
<!-- Generated by org.testng.reporters.JUnitReportReporter -->
<testsuite hostname="MUM01TL00227" failures="0" tests="1" name="GetRequest_Demo5" time="6.487" errors="0" timestamp="2021-02-13T21:59:59 IST" skipped="0">
  <testcase classname="GetRequest_Demo5" name="getWeatherDetails" time="6.487"/>
  <system-out/>
</testsuite> <!-- GetRequest_Demo5 -->
